<?xml version="1.0" encoding="UTF-8"?>
<testng-results ignored="0" total="2" passed="2" failed="0" skipped="0">
  <reporter-output>
  </reporter-output>
  <suite started-at="2021-07-27T19:07:55 MDT" name="Default suite" finished-at="2021-07-27T19:07:57 MDT" duration-ms="2530">
    <groups>
    </groups>
    <test started-at="2021-07-27T19:07:55 MDT" name="Default test" finished-at="2021-07-27T19:07:57 MDT" duration-ms="2530">
      <class name="tests.GetAndPost">
        <test-method signature="testGet()[pri:0, instance:tests.GetAndPost@3e6ef8ad]" started-at="2021-07-27T19:07:55 MDT" name="testGet" finished-at="2021-07-27T19:07:57 MDT" duration-ms="2021" status="PASS">
          <reporter-output>
          </reporter-output>
        </test-method> <!-- testGet -->
        <test-method signature="testPost()[pri:0, instance:tests.GetAndPost@3e6ef8ad]" started-at="2021-07-27T19:07:57 MDT" name="testPost" finished-at="2021-07-27T19:07:57 MDT" duration-ms="479" status="PASS">
          <reporter-output>
          </reporter-output>
        </test-method> <!-- testPost -->
      </class> <!-- tests.GetAndPost -->
    </test> <!-- Default test -->
  </suite> <!-- Default suite -->
</testng-results>
